20110502
20110502_BSC_DREAM8b.nc
2011050200_3H_MACC-ECMWF.nc
2011050200_DD_LMDZINCAecmwf.nc
/usr/local/lib/python2.6/site-packages/grads/gacore.py:42: DeprecationWarning: The popen2 module is deprecated.  Use the subprocess module.
  from popen2 import popen2
nTime 0
run 12h 02 MAY 2011
printing  BSC_DREAM8b-SCONC_DUST-00-12Z02MAY2011  ...
nTime 2
printing  BSC_DREAM8b-SCONC_DUST-06-12Z02MAY2011  ...
nTime 4
printing  BSC_DREAM8b-SCONC_DUST-12-12Z02MAY2011  ...
nTime 6
printing  BSC_DREAM8b-SCONC_DUST-18-12Z02MAY2011  ...
nTime 8
printing  BSC_DREAM8b-SCONC_DUST-24-12Z02MAY2011  ...
nTime 10
printing  BSC_DREAM8b-SCONC_DUST-30-12Z02MAY2011  ...
nTime 12
printing  BSC_DREAM8b-SCONC_DUST-36-12Z02MAY2011  ...
nTime 14
printing  BSC_DREAM8b-SCONC_DUST-42-12Z02MAY2011  ...
nTime 16
printing  BSC_DREAM8b-SCONC_DUST-48-12Z02MAY2011  ...
nTime 18
printing  BSC_DREAM8b-SCONC_DUST-54-12Z02MAY2011  ...
nTime 20
printing  BSC_DREAM8b-SCONC_DUST-60-12Z02MAY2011  ...
nTime 22
printing  BSC_DREAM8b-SCONC_DUST-66-12Z02MAY2011  ...
nTime 24
printing  BSC_DREAM8b-SCONC_DUST-72-12Z02MAY2011  ...
nTime 0
run 00h 02 MAY 2011
printing  3H_MACC-ECMWF-SCONC_DUST-00-00Z02MAY2011  ...
nTime 2
printing  3H_MACC-ECMWF-SCONC_DUST-06-00Z02MAY2011  ...
nTime 4
printing  3H_MACC-ECMWF-SCONC_DUST-12-00Z02MAY2011  ...
nTime 6
printing  3H_MACC-ECMWF-SCONC_DUST-18-00Z02MAY2011  ...
nTime 8
printing  3H_MACC-ECMWF-SCONC_DUST-24-00Z02MAY2011  ...
nTime 10
printing  3H_MACC-ECMWF-SCONC_DUST-30-00Z02MAY2011  ...
nTime 12
printing  3H_MACC-ECMWF-SCONC_DUST-36-00Z02MAY2011  ...
nTime 14
printing  3H_MACC-ECMWF-SCONC_DUST-42-00Z02MAY2011  ...
nTime 16
printing  3H_MACC-ECMWF-SCONC_DUST-48-00Z02MAY2011  ...
nTime 18
printing  3H_MACC-ECMWF-SCONC_DUST-54-00Z02MAY2011  ...
nTime 20
printing  3H_MACC-ECMWF-SCONC_DUST-60-00Z02MAY2011  ...
nTime 22
printing  3H_MACC-ECMWF-SCONC_DUST-66-00Z02MAY2011  ...
nTime 24
printing  3H_MACC-ECMWF-SCONC_DUST-72-00Z02MAY2011  ...
nTime 0
run 00h 02 MAY 2011
printing  DD_LMDZINCAecmwf-SCONC_DUST-00-00Z02MAY2011  ...
nTime 2
printing  DD_LMDZINCAecmwf-SCONC_DUST-06-00Z02MAY2011  ...
nTime 4
printing  DD_LMDZINCAecmwf-SCONC_DUST-12-00Z02MAY2011  ...
nTime 6
printing  DD_LMDZINCAecmwf-SCONC_DUST-18-00Z02MAY2011  ...
nTime 8
printing  DD_LMDZINCAecmwf-SCONC_DUST-24-00Z02MAY2011  ...
nTime 10
printing  DD_LMDZINCAecmwf-SCONC_DUST-30-00Z02MAY2011  ...
nTime 12
printing  DD_LMDZINCAecmwf-SCONC_DUST-36-00Z02MAY2011  ...
nTime 14
printing  DD_LMDZINCAecmwf-SCONC_DUST-42-00Z02MAY2011  ...
nTime 16
printing  DD_LMDZINCAecmwf-SCONC_DUST-48-00Z02MAY2011  ...
nTime 18
printing  DD_LMDZINCAecmwf-SCONC_DUST-54-00Z02MAY2011  ...
nTime 20
printing  DD_LMDZINCAecmwf-SCONC_DUST-60-00Z02MAY2011  ...
nTime 22
printing  DD_LMDZINCAecmwf-SCONC_DUST-66-00Z02MAY2011  ...
nTime 24
printing  DD_LMDZINCAecmwf-SCONC_DUST-72-00Z02MAY2011  ...
Error: mv: `BSC_DREAM8b-3H_MACC-ECMWF-DD_LMDZINCAecmwf-SCONC_DUST-00-12Z02MAY2011.gif' and `BSC_DREAM8b-3H_MACC-ECMWF-DD_LMDZINCAecmwf-SCONC_DUST-00-12Z02MAY2011.gif' are the same file
/usr/local/lib/python2.6/site-packages/grads/gacore.py:42: DeprecationWarning: The popen2 module is deprecated.  Use the subprocess module.
  from popen2 import popen2
nTime 0
run 12h 02 MAY 2011
printing  BSC_DREAM8b-OD550_DUST-00-12Z02MAY2011  ...
nTime 2
printing  BSC_DREAM8b-OD550_DUST-06-12Z02MAY2011  ...
nTime 4
printing  BSC_DREAM8b-OD550_DUST-12-12Z02MAY2011  ...
nTime 6
printing  BSC_DREAM8b-OD550_DUST-18-12Z02MAY2011  ...
nTime 8
printing  BSC_DREAM8b-OD550_DUST-24-12Z02MAY2011  ...
nTime 10
printing  BSC_DREAM8b-OD550_DUST-30-12Z02MAY2011  ...
nTime 12
printing  BSC_DREAM8b-OD550_DUST-36-12Z02MAY2011  ...
nTime 14
printing  BSC_DREAM8b-OD550_DUST-42-12Z02MAY2011  ...
nTime 16
printing  BSC_DREAM8b-OD550_DUST-48-12Z02MAY2011  ...
nTime 18
printing  BSC_DREAM8b-OD550_DUST-54-12Z02MAY2011  ...
nTime 20
printing  BSC_DREAM8b-OD550_DUST-60-12Z02MAY2011  ...
nTime 22
printing  BSC_DREAM8b-OD550_DUST-66-12Z02MAY2011  ...
nTime 24
printing  BSC_DREAM8b-OD550_DUST-72-12Z02MAY2011  ...
nTime 0
run 00h 02 MAY 2011
printing  3H_MACC-ECMWF-OD550_DUST-00-00Z02MAY2011  ...
nTime 2
printing  3H_MACC-ECMWF-OD550_DUST-06-00Z02MAY2011  ...
nTime 4
printing  3H_MACC-ECMWF-OD550_DUST-12-00Z02MAY2011  ...
nTime 6
printing  3H_MACC-ECMWF-OD550_DUST-18-00Z02MAY2011  ...
nTime 8
printing  3H_MACC-ECMWF-OD550_DUST-24-00Z02MAY2011  ...
nTime 10
printing  3H_MACC-ECMWF-OD550_DUST-30-00Z02MAY2011  ...
nTime 12
printing  3H_MACC-ECMWF-OD550_DUST-36-00Z02MAY2011  ...
nTime 14
printing  3H_MACC-ECMWF-OD550_DUST-42-00Z02MAY2011  ...
nTime 16
printing  3H_MACC-ECMWF-OD550_DUST-48-00Z02MAY2011  ...
nTime 18
printing  3H_MACC-ECMWF-OD550_DUST-54-00Z02MAY2011  ...
nTime 20
printing  3H_MACC-ECMWF-OD550_DUST-60-00Z02MAY2011  ...
nTime 22
printing  3H_MACC-ECMWF-OD550_DUST-66-00Z02MAY2011  ...
nTime 24
printing  3H_MACC-ECMWF-OD550_DUST-72-00Z02MAY2011  ...
nTime 0
run 00h 02 MAY 2011
printing  DD_LMDZINCAecmwf-OD550_DUST-00-00Z02MAY2011  ...
nTime 2
printing  DD_LMDZINCAecmwf-OD550_DUST-06-00Z02MAY2011  ...
nTime 4
printing  DD_LMDZINCAecmwf-OD550_DUST-12-00Z02MAY2011  ...
nTime 6
printing  DD_LMDZINCAecmwf-OD550_DUST-18-00Z02MAY2011  ...
nTime 8
printing  DD_LMDZINCAecmwf-OD550_DUST-24-00Z02MAY2011  ...
nTime 10
printing  DD_LMDZINCAecmwf-OD550_DUST-30-00Z02MAY2011  ...
nTime 12
printing  DD_LMDZINCAecmwf-OD550_DUST-36-00Z02MAY2011  ...
nTime 14
printing  DD_LMDZINCAecmwf-OD550_DUST-42-00Z02MAY2011  ...
nTime 16
printing  DD_LMDZINCAecmwf-OD550_DUST-48-00Z02MAY2011  ...
nTime 18
printing  DD_LMDZINCAecmwf-OD550_DUST-54-00Z02MAY2011  ...
nTime 20
printing  DD_LMDZINCAecmwf-OD550_DUST-60-00Z02MAY2011  ...
nTime 22
printing  DD_LMDZINCAecmwf-OD550_DUST-66-00Z02MAY2011  ...
nTime 24
printing  DD_LMDZINCAecmwf-OD550_DUST-72-00Z02MAY2011  ...
Error: mv: `BSC_DREAM8b-3H_MACC-ECMWF-DD_LMDZINCAecmwf-OD550_DUST-00-12Z02MAY2011.gif' and `BSC_DREAM8b-3H_MACC-ECMWF-DD_LMDZINCAecmwf-OD550_DUST-00-12Z02MAY2011.gif' are the same file
