/usr/local/lib/python2.6/site-packages/grads/gacore.py:42: DeprecationWarning: The popen2 module is deprecated.  Use the subprocess module.
  from popen2 import popen2
nTime 0
run 12h 03 MAY 2011
printing  BSC_DREAM8b-SCONC_DUST-00-12Z03MAY2011  ...
nTime 2
printing  BSC_DREAM8b-SCONC_DUST-06-12Z03MAY2011  ...
nTime 4
printing  BSC_DREAM8b-SCONC_DUST-12-12Z03MAY2011  ...
nTime 6
printing  BSC_DREAM8b-SCONC_DUST-18-12Z03MAY2011  ...
nTime 8
printing  BSC_DREAM8b-SCONC_DUST-24-12Z03MAY2011  ...
nTime 10
printing  BSC_DREAM8b-SCONC_DUST-30-12Z03MAY2011  ...
nTime 12
printing  BSC_DREAM8b-SCONC_DUST-36-12Z03MAY2011  ...
nTime 14
printing  BSC_DREAM8b-SCONC_DUST-42-12Z03MAY2011  ...
nTime 16
printing  BSC_DREAM8b-SCONC_DUST-48-12Z03MAY2011  ...
nTime 18
printing  BSC_DREAM8b-SCONC_DUST-54-12Z03MAY2011  ...
nTime 20
printing  BSC_DREAM8b-SCONC_DUST-60-12Z03MAY2011  ...
nTime 22
printing  BSC_DREAM8b-SCONC_DUST-66-12Z03MAY2011  ...
nTime 24
printing  BSC_DREAM8b-SCONC_DUST-72-12Z03MAY2011  ...
/usr/local/lib/python2.6/site-packages/grads/gacore.py:42: DeprecationWarning: The popen2 module is deprecated.  Use the subprocess module.
  from popen2 import popen2
nTime 0
run 12h 03 MAY 2011
printing  BSC_DREAM8b-OD550_DUST-00-12Z03MAY2011  ...
nTime 2
printing  BSC_DREAM8b-OD550_DUST-06-12Z03MAY2011  ...
nTime 4
printing  BSC_DREAM8b-OD550_DUST-12-12Z03MAY2011  ...
nTime 6
printing  BSC_DREAM8b-OD550_DUST-18-12Z03MAY2011  ...
nTime 8
printing  BSC_DREAM8b-OD550_DUST-24-12Z03MAY2011  ...
nTime 10
printing  BSC_DREAM8b-OD550_DUST-30-12Z03MAY2011  ...
nTime 12
printing  BSC_DREAM8b-OD550_DUST-36-12Z03MAY2011  ...
nTime 14
printing  BSC_DREAM8b-OD550_DUST-42-12Z03MAY2011  ...
nTime 16
printing  BSC_DREAM8b-OD550_DUST-48-12Z03MAY2011  ...
nTime 18
printing  BSC_DREAM8b-OD550_DUST-54-12Z03MAY2011  ...
nTime 20
printing  BSC_DREAM8b-OD550_DUST-60-12Z03MAY2011  ...
nTime 22
printing  BSC_DREAM8b-OD550_DUST-66-12Z03MAY2011  ...
nTime 24
printing  BSC_DREAM8b-OD550_DUST-72-12Z03MAY2011  ...
